java -cp /local/build/ycsb/mongodb-binding/conf:/local/build/ycsb/conf:/local/build/ycsb/lib/core-0.17.0.jar:/local/build/ycsb/lib/HdrHistogram-2.1.4.jar:/local/build/ycsb/lib/jackson-mapper-asl-1.9.4.jar:/local/build/ycsb/lib/htrace-core4-4.1.0-incubating.jar:/local/build/ycsb/lib/jackson-core-asl-1.9.4.jar:/local/build/ycsb/mongodb-binding/lib/snappy-java-1.1.7.1.jar:/local/build/ycsb/mongodb-binding/lib/logback-classic-1.1.2.jar:/local/build/ycsb/mongodb-binding/lib/mongo-java-driver-3.8.0.jar:/local/build/ycsb/mongodb-binding/lib/slf4j-api-1.7.25.jar:/local/build/ycsb/mongodb-binding/lib/mongodb-binding-0.17.0.jar:/local/build/ycsb/mongodb-binding/lib/logback-core-1.1.2.jar:/local/build/ycsb/mongodb-binding/lib/mongodb-async-driver-2.0.1.jar site.ycsb.Client -db site.ycsb.db.MongoDbClient -s -P /local/build/ycsb/workloads/workloadc -p recordcount=1000000 -p operationcount=500000 -p mongodb.url=mongodb://127.0.0.1:27099/ycsb -threads 8 -t
Command line: -db site.ycsb.db.MongoDbClient -s -P /local/build/ycsb/workloads/workloadc -p recordcount=1000000 -p operationcount=500000 -p mongodb.url=mongodb://127.0.0.1:27099/ycsb -threads 8 -t
YCSB Client 0.17.0

Loading workload...
Starting test.
2026-05-02 18:29:59:312 0 sec: 0 operations; est completion in 0 second 
mongo client connection created with mongodb://127.0.0.1:27099/ycsb
DBWrapper: report latency for each error is false and specific error codes to track for latency are: []
DBWrapper: report latency for each error is false and specific error codes to track for latency are: []
DBWrapper: report latency for each error is false and specific error codes to track for latency are: []
DBWrapper: report latency for each error is false and specific error codes to track for latency are: []
DBWrapper: report latency for each error is false and specific error codes to track for latency are: []
DBWrapper: report latency for each error is false and specific error codes to track for latency are: []
DBWrapper: report latency for each error is false and specific error codes to track for latency are: []
DBWrapper: report latency for each error is false and specific error codes to track for latency are: []
2026-05-02 18:30:09:251 10 sec: 386219 operations; 38618.04 current ops/sec; est completion in 3 second [READ: Count=386296, Max=109823, Min=96, Avg=195.76, 90=205, 99=396, 99.9=1530, 99.99=9839] 
2026-05-02 18:30:11:958 12 sec: 500000 operations; 42032.14 current ops/sec; [READ: Count=113704, Max=7567, Min=93, Avg=181.82, 90=187, 99=254, 99.9=403, 99.99=6387] [CLEANUP: Count=8, Max=2853, Min=2, Avg=359.5, 90=10, 99=2853, 99.9=2853, 99.99=2853] 
[OVERALL], RunTime(ms), 12708
[OVERALL], Throughput(ops/sec), 39345.29430280138
[TOTAL_GCS_G1_Young_Generation], Count, 13
[TOTAL_GC_TIME_G1_Young_Generation], Time(ms), 81
[TOTAL_GC_TIME_%_G1_Young_Generation], Time(%), 0.6373937677053824
[TOTAL_GCS_G1_Old_Generation], Count, 0
[TOTAL_GC_TIME_G1_Old_Generation], Time(ms), 0
[TOTAL_GC_TIME_%_G1_Old_Generation], Time(%), 0.0
[TOTAL_GCs], Count, 13
[TOTAL_GC_TIME], Time(ms), 81
[TOTAL_GC_TIME_%], Time(%), 0.6373937677053824
[READ], Operations, 500000
[READ], AverageLatency(us), 192.591566
[READ], MinLatency(us), 93
[READ], MaxLatency(us), 109823
[READ], 95thPercentileLatency(us), 218
[READ], 99thPercentileLatency(us), 347
[READ], Return=OK, 500000
[CLEANUP], Operations, 8
[CLEANUP], AverageLatency(us), 359.5
[CLEANUP], MinLatency(us), 2
[CLEANUP], MaxLatency(us), 2853
[CLEANUP], 95thPercentileLatency(us), 2853
[CLEANUP], 99thPercentileLatency(us), 2853
