java -cp /local/build/ycsb/mongodb-binding/conf:/local/build/ycsb/conf:/local/build/ycsb/lib/core-0.17.0.jar:/local/build/ycsb/lib/HdrHistogram-2.1.4.jar:/local/build/ycsb/lib/jackson-mapper-asl-1.9.4.jar:/local/build/ycsb/lib/htrace-core4-4.1.0-incubating.jar:/local/build/ycsb/lib/jackson-core-asl-1.9.4.jar:/local/build/ycsb/mongodb-binding/lib/snappy-java-1.1.7.1.jar:/local/build/ycsb/mongodb-binding/lib/logback-classic-1.1.2.jar:/local/build/ycsb/mongodb-binding/lib/mongo-java-driver-3.8.0.jar:/local/build/ycsb/mongodb-binding/lib/slf4j-api-1.7.25.jar:/local/build/ycsb/mongodb-binding/lib/mongodb-binding-0.17.0.jar:/local/build/ycsb/mongodb-binding/lib/logback-core-1.1.2.jar:/local/build/ycsb/mongodb-binding/lib/mongodb-async-driver-2.0.1.jar site.ycsb.Client -db site.ycsb.db.MongoDbClient -s -P /local/build/ycsb/workloads/workloada -p recordcount=1000000 -p operationcount=500000 -p mongodb.url=mongodb://127.0.0.1:27099/ycsb -threads 8 -t
Command line: -db site.ycsb.db.MongoDbClient -s -P /local/build/ycsb/workloads/workloada -p recordcount=1000000 -p operationcount=500000 -p mongodb.url=mongodb://127.0.0.1:27099/ycsb -threads 8 -t
YCSB Client 0.17.0

Loading workload...
Starting test.
2026-05-02 18:28:36:388 0 sec: 0 operations; est completion in 0 second 
mongo client connection created with mongodb://127.0.0.1:27099/ycsb
DBWrapper: report latency for each error is false and specific error codes to track for latency are: []
DBWrapper: report latency for each error is false and specific error codes to track for latency are: []
DBWrapper: report latency for each error is false and specific error codes to track for latency are: []
DBWrapper: report latency for each error is false and specific error codes to track for latency are: []
DBWrapper: report latency for each error is false and specific error codes to track for latency are: []
DBWrapper: report latency for each error is false and specific error codes to track for latency are: []
DBWrapper: report latency for each error is false and specific error codes to track for latency are: []
DBWrapper: report latency for each error is false and specific error codes to track for latency are: []
2026-05-02 18:28:46:326 10 sec: 333730 operations; 33373 current ops/sec; est completion in 5 second [READ: Count=167450, Max=103679, Min=68, Avg=216.37, 90=243, 99=449, 99.9=1391, 99.99=7931] [UPDATE: Count=166622, Max=103103, Min=71, Avg=236.54, 90=259, 99=450, 99.9=1316, 99.99=7811] 
2026-05-02 18:28:51:390 15 sec: 500000 operations; 32833.73 current ops/sec; [READ: Count=83054, Max=8943, Min=98, Avg=200.27, 90=217, 99=258, 99.9=471, 99.99=893] [CLEANUP: Count=8, Max=2629, Min=2, Avg=331.5, 90=9, 99=2629, 99.9=2629, 99.99=2629] [UPDATE: Count=82874, Max=249343, Min=97, Avg=256.19, 90=238, 99=309, 99.9=548, 99.99=150527] 
[OVERALL], RunTime(ms), 15064
[OVERALL], Throughput(ops/sec), 33191.715347849175
[TOTAL_GCS_G1_Young_Generation], Count, 10
[TOTAL_GC_TIME_G1_Young_Generation], Time(ms), 63
[TOTAL_GC_TIME_%_G1_Young_Generation], Time(%), 0.4182156133828996
[TOTAL_GCS_G1_Old_Generation], Count, 0
[TOTAL_GC_TIME_G1_Old_Generation], Time(ms), 0
[TOTAL_GC_TIME_%_G1_Old_Generation], Time(%), 0.0
[TOTAL_GCs], Count, 10
[TOTAL_GC_TIME], Time(ms), 63
[TOTAL_GC_TIME_%], Time(%), 0.4182156133828996
[READ], Operations, 250504
[READ], AverageLatency(us), 211.03593156197107
[READ], MinLatency(us), 68
[READ], MaxLatency(us), 103679
[READ], 95thPercentileLatency(us), 255
[READ], 99thPercentileLatency(us), 386
[READ], Return=OK, 250504
[CLEANUP], Operations, 8
[CLEANUP], AverageLatency(us), 331.5
[CLEANUP], MinLatency(us), 2
[CLEANUP], MaxLatency(us), 2629
[CLEANUP], 95thPercentileLatency(us), 2629
[CLEANUP], 99thPercentileLatency(us), 2629
[UPDATE], Operations, 249496
[UPDATE], AverageLatency(us), 243.06839789014654
[UPDATE], MinLatency(us), 71
[UPDATE], MaxLatency(us), 249343
[UPDATE], 95thPercentileLatency(us), 275
[UPDATE], 99thPercentileLatency(us), 412
[UPDATE], Return=OK, 249496
