java -cp /local/build/ycsb/mongodb-binding/conf:/local/build/ycsb/conf:/local/build/ycsb/lib/core-0.17.0.jar:/local/build/ycsb/lib/HdrHistogram-2.1.4.jar:/local/build/ycsb/lib/jackson-mapper-asl-1.9.4.jar:/local/build/ycsb/lib/htrace-core4-4.1.0-incubating.jar:/local/build/ycsb/lib/jackson-core-asl-1.9.4.jar:/local/build/ycsb/mongodb-binding/lib/snappy-java-1.1.7.1.jar:/local/build/ycsb/mongodb-binding/lib/logback-classic-1.1.2.jar:/local/build/ycsb/mongodb-binding/lib/mongo-java-driver-3.8.0.jar:/local/build/ycsb/mongodb-binding/lib/slf4j-api-1.7.25.jar:/local/build/ycsb/mongodb-binding/lib/mongodb-binding-0.17.0.jar:/local/build/ycsb/mongodb-binding/lib/logback-core-1.1.2.jar:/local/build/ycsb/mongodb-binding/lib/mongodb-async-driver-2.0.1.jar site.ycsb.Client -db site.ycsb.db.MongoDbClient -s -P /local/build/ycsb/workloads/workloadb -p recordcount=1000000 -p operationcount=500000 -p mongodb.url=mongodb://127.0.0.1:27099/ycsb -threads 8 -t
Command line: -db site.ycsb.db.MongoDbClient -s -P /local/build/ycsb/workloads/workloadb -p recordcount=1000000 -p operationcount=500000 -p mongodb.url=mongodb://127.0.0.1:27099/ycsb -threads 8 -t
YCSB Client 0.17.0

Loading workload...
Starting test.
2026-05-02 18:29:17:920 0 sec: 0 operations; est completion in 0 second 
mongo client connection created with mongodb://127.0.0.1:27099/ycsb
DBWrapper: report latency for each error is false and specific error codes to track for latency are: []
DBWrapper: report latency for each error is false and specific error codes to track for latency are: []
DBWrapper: report latency for each error is false and specific error codes to track for latency are: []
DBWrapper: report latency for each error is false and specific error codes to track for latency are: []
DBWrapper: report latency for each error is false and specific error codes to track for latency are: []
DBWrapper: report latency for each error is false and specific error codes to track for latency are: []
DBWrapper: report latency for each error is false and specific error codes to track for latency are: []
DBWrapper: report latency for each error is false and specific error codes to track for latency are: []
2026-05-02 18:29:27:863 10 sec: 377216 operations; 37721.6 current ops/sec; est completion in 4 second [READ: Count=358290, Max=108287, Min=59, Avg=195.42, 90=213, 99=370, 99.9=1393, 99.99=7951] [UPDATE: Count=19020, Max=64255, Min=70, Avg=301.29, 90=316, 99=658, 99.9=3553, 99.99=63231] 
2026-05-02 18:29:30:915 13 sec: 500000 operations; 40217.49 current ops/sec; [READ: Count=116617, Max=10807, Min=62, Avg=181.88, 90=198, 99=238, 99.9=440, 99.99=8295] [CLEANUP: Count=8, Max=2583, Min=2, Avg=325.75, 90=9, 99=2583, 99.9=2583, 99.99=2583] [UPDATE: Count=6073, Max=23663, Min=96, Avg=282.45, 90=282, 99=392, 99.9=13863, 99.99=23663] 
[OVERALL], RunTime(ms), 13053
[OVERALL], Throughput(ops/sec), 38305.370412931894
[TOTAL_GCS_G1_Young_Generation], Count, 13
[TOTAL_GC_TIME_G1_Young_Generation], Time(ms), 86
[TOTAL_GC_TIME_%_G1_Young_Generation], Time(%), 0.6588523711024286
[TOTAL_GCS_G1_Old_Generation], Count, 0
[TOTAL_GC_TIME_G1_Old_Generation], Time(ms), 0
[TOTAL_GC_TIME_%_G1_Old_Generation], Time(%), 0.0
[TOTAL_GCs], Count, 13
[TOTAL_GC_TIME], Time(ms), 86
[TOTAL_GC_TIME_%], Time(%), 0.6588523711024286
[READ], Operations, 474907
[READ], AverageLatency(us), 192.09303295171475
[READ], MinLatency(us), 59
[READ], MaxLatency(us), 108287
[READ], 95thPercentileLatency(us), 229
[READ], 99thPercentileLatency(us), 334
[READ], Return=OK, 474907
[CLEANUP], Operations, 8
[CLEANUP], AverageLatency(us), 325.75
[CLEANUP], MinLatency(us), 2
[CLEANUP], MaxLatency(us), 2583
[CLEANUP], 95thPercentileLatency(us), 2583
[CLEANUP], 99thPercentileLatency(us), 2583
[UPDATE], Operations, 25093
[UPDATE], AverageLatency(us), 296.72801179611844
[UPDATE], MinLatency(us), 70
[UPDATE], MaxLatency(us), 64255
[UPDATE], 95thPercentileLatency(us), 355
[UPDATE], 99thPercentileLatency(us), 619
[UPDATE], Return=OK, 25093
