java -cp /local/build/ycsb/mongodb-binding/conf:/local/build/ycsb/conf:/local/build/ycsb/lib/core-0.17.0.jar:/local/build/ycsb/lib/HdrHistogram-2.1.4.jar:/local/build/ycsb/lib/jackson-mapper-asl-1.9.4.jar:/local/build/ycsb/lib/htrace-core4-4.1.0-incubating.jar:/local/build/ycsb/lib/jackson-core-asl-1.9.4.jar:/local/build/ycsb/mongodb-binding/lib/snappy-java-1.1.7.1.jar:/local/build/ycsb/mongodb-binding/lib/logback-classic-1.1.2.jar:/local/build/ycsb/mongodb-binding/lib/mongo-java-driver-3.8.0.jar:/local/build/ycsb/mongodb-binding/lib/slf4j-api-1.7.25.jar:/local/build/ycsb/mongodb-binding/lib/mongodb-binding-0.17.0.jar:/local/build/ycsb/mongodb-binding/lib/logback-core-1.1.2.jar:/local/build/ycsb/mongodb-binding/lib/mongodb-async-driver-2.0.1.jar site.ycsb.Client -db site.ycsb.db.MongoDbClient -s -P /local/build/ycsb/workloads/workloadf -p recordcount=1000000 -p operationcount=500000 -p mongodb.url=mongodb://127.0.0.1:27099/ycsb -threads 8 -t
Command line: -db site.ycsb.db.MongoDbClient -s -P /local/build/ycsb/workloads/workloadf -p recordcount=1000000 -p operationcount=500000 -p mongodb.url=mongodb://127.0.0.1:27099/ycsb -threads 8 -t
YCSB Client 0.17.0

Loading workload...
Starting test.
2026-05-02 18:30:35:668 0 sec: 0 operations; est completion in 0 second 
mongo client connection created with mongodb://127.0.0.1:27099/ycsb
DBWrapper: report latency for each error is false and specific error codes to track for latency are: []
DBWrapper: report latency for each error is false and specific error codes to track for latency are: []
DBWrapper: report latency for each error is false and specific error codes to track for latency are: []
DBWrapper: report latency for each error is false and specific error codes to track for latency are: []
DBWrapper: report latency for each error is false and specific error codes to track for latency are: []
DBWrapper: report latency for each error is false and specific error codes to track for latency are: []
DBWrapper: report latency for each error is false and specific error codes to track for latency are: []
DBWrapper: report latency for each error is false and specific error codes to track for latency are: []
2026-05-02 18:30:45:609 10 sec: 223888 operations; 22388.8 current ops/sec; est completion in 13 seconds [READ: Count=223936, Max=106943, Min=67, Avg=211.7, 90=237, 99=393, 99.9=1503, 99.99=8623] [READ-MODIFY-WRITE: Count=112441, Max=209791, Min=167, Avg=467.56, 90=506, 99=829, 99.9=3337, 99.99=134527] [UPDATE: Count=112599, Max=207743, Min=80, Avg=252.43, 90=269, 99=435, 99.9=1346, 99.99=13855] 
2026-05-02 18:30:55:609 20 sec: 495207 operations; 27131.9 current ops/sec; est completion in 1 second [READ: Count=271290, Max=8959, Min=62, Avg=184.5, 90=209, 99=235, 99.9=308, 99.99=7067] [READ-MODIFY-WRITE: Count=135202, Max=9863, Min=134, Avg=399.34, 90=443, 99=496, 99.9=739, 99.99=8871] [CLEANUP: Count=1, Max=9, Min=9, Avg=9, 90=9, 99=9, 99.9=9, 99.99=9] [UPDATE: Count=135087, Max=8983, Min=68, Avg=212.62, 90=239, 99=271, 99.9=416, 99.99=7879] 
2026-05-02 18:30:55:938 20 sec: 500000 operations; 14524.24 current ops/sec; [READ: Count=4774, Max=699, Min=168, Avg=196.44, 90=211, 99=234, 99.9=343, 99.99=699] [READ-MODIFY-WRITE: Count=2376, Max=735, Min=385, Avg=425.55, 90=447, 99=489, 99.9=621, 99.99=735] [CLEANUP: Count=7, Max=2541, Min=2, Avg=365.29, 90=3, 99=2541, 99.9=2541, 99.99=2541] [UPDATE: Count=2333, Max=547, Min=203, Avg=226.89, 90=240, 99=262, 99.9=411, 99.99=547] 
[OVERALL], RunTime(ms), 20330
[OVERALL], Throughput(ops/sec), 24594.195769798327
[TOTAL_GCS_G1_Young_Generation], Count, 15
[TOTAL_GC_TIME_G1_Young_Generation], Time(ms), 105
[TOTAL_GC_TIME_%_G1_Young_Generation], Time(%), 0.5164781111657648
[TOTAL_GCS_G1_Old_Generation], Count, 0
[TOTAL_GC_TIME_G1_Old_Generation], Time(ms), 0
[TOTAL_GC_TIME_%_G1_Old_Generation], Time(%), 0.0
[TOTAL_GCs], Count, 15
[TOTAL_GC_TIME], Time(ms), 105
[TOTAL_GC_TIME_%], Time(%), 0.5164781111657648
[READ], Operations, 500000
[READ], AverageLatency(us), 196.799638
[READ], MinLatency(us), 62
[READ], MaxLatency(us), 106943
[READ], 95thPercentileLatency(us), 237
[READ], 99thPercentileLatency(us), 308
[READ], Return=OK, 500000
[READ-MODIFY-WRITE], Operations, 250019
[READ-MODIFY-WRITE], AverageLatency(us), 430.26858758734335
[READ-MODIFY-WRITE], MinLatency(us), 134
[READ-MODIFY-WRITE], MaxLatency(us), 209791
[READ-MODIFY-WRITE], 95thPercentileLatency(us), 505
[READ-MODIFY-WRITE], 99thPercentileLatency(us), 661
[CLEANUP], Operations, 8
[CLEANUP], AverageLatency(us), 320.75
[CLEANUP], MinLatency(us), 2
[CLEANUP], MaxLatency(us), 2541
[CLEANUP], 95thPercentileLatency(us), 2541
[CLEANUP], 99thPercentileLatency(us), 2541
[UPDATE], Operations, 250019
[UPDATE], AverageLatency(us), 230.6841240065755
[UPDATE], MinLatency(us), 68
[UPDATE], MaxLatency(us), 207743
[UPDATE], 95thPercentileLatency(us), 269
[UPDATE], 99thPercentileLatency(us), 380
[UPDATE], Return=OK, 250019
